<?xml version="1.0" encoding="UTF-8"?>
<!-- Generated by org.testng.reporters.JUnitXMLReporter -->
<testsuite hostname="LAPTOP-KV4TFIA1" ignored="0" name="BankingApp Test" tests="2" failures="0" timestamp="25 Aug 2020 15:54:52 GMT" time="91.604" errors="0">
  <testcase name="loginTest" time="12.932" classname="com.inetbanking.testCases.TC_LoginTest_001"/>
  <testcase name="addNewCustomer" time="23.496" classname="com.inetbanking.testCases.TC_AddCustomerTest_003"/>
</testsuite> <!-- BankingApp Test -->
