<?xml version="1.0" encoding="UTF-8"?>
<testng-results skipped="0" failed="0" ignored="0" total="1" passed="1">
  <reporter-output>
  </reporter-output>
  <suite name="InetBankingV1" duration-ms="50783" started-at="2020-08-24T04:56:23Z" finished-at="2020-08-24T04:57:14Z">
    <groups>
    </groups>
    <test name="BankingApp Test" duration-ms="50783" started-at="2020-08-24T04:56:23Z" finished-at="2020-08-24T04:57:14Z">
      <class name="com.inetbanking.testCases.TC_AddCustomerTest_003">
        <test-method status="PASS" signature="setup(java.lang.String)[pri:0, instance:com.inetbanking.testCases.TC_AddCustomerTest_003@59ec2012]" name="setup" is-config="true" duration-ms="24438" started-at="2020-08-24T04:56:24Z" finished-at="2020-08-24T04:56:48Z">
          <params>
            <param index="0">
              <value>
                <![CDATA[chrome]]>
              </value>
            </param>
          </params>
          <reporter-output>
          </reporter-output>
        </test-method> <!-- setup -->
        <test-method status="PASS" signature="addNewCustomer()[pri:0, instance:com.inetbanking.testCases.TC_AddCustomerTest_003@59ec2012]" name="addNewCustomer" duration-ms="23738" started-at="2020-08-24T04:56:48Z" finished-at="2020-08-24T04:57:12Z">
          <reporter-output>
          </reporter-output>
        </test-method> <!-- addNewCustomer -->
        <test-method status="PASS" signature="tearDown()[pri:0, instance:com.inetbanking.testCases.TC_AddCustomerTest_003@59ec2012]" name="tearDown" is-config="true" duration-ms="1675" started-at="2020-08-24T04:57:12Z" finished-at="2020-08-24T04:57:14Z">
          <reporter-output>
          </reporter-output>
        </test-method> <!-- tearDown -->
      </class> <!-- com.inetbanking.testCases.TC_AddCustomerTest_003 -->
    </test> <!-- BankingApp Test -->
  </suite> <!-- InetBankingV1 -->
</testng-results>
